\BOOKMARK [0][-]{chapter*.1}{\376\377\000\326\000Z\000E\000T}{}% 1
\BOOKMARK [0][-]{chapter*.2}{\376\377\000A\000B\000S\000T\000R\000A\000C\000T}{}% 2
\BOOKMARK [0][-]{chapter.1}{\376\377\000G\001\060\000R\001\060\001\136}{}% 3
\BOOKMARK [1][-]{section.1.1}{\376\377\000A\000r\000a\001\137\000t\001\061\000r\000m\000a\000n\001\061\000n\000\040\000B\000a\001\037\000l\000a\000m\001\061}{chapter.1}% 4
\BOOKMARK [2][-]{subsection.1.1.1}{\376\377\000\307\000o\000c\000u\000k\000\040\000P\000s\000i\000k\000o\000l\000o\000j\000i\000s\000i\000\040\000v\000e\000\040\000D\000e\001\037\000e\000r\000l\000e\000n\000d\000i\000r\000m\000e\000\040\000Z\000o\000r\000l\000u\000k\000l\000a\000r\001\061}{section.1.1}% 5
\BOOKMARK [2][-]{subsection.1.1.2}{\376\377\000P\000r\000o\000j\000e\000k\000t\000i\000f\000\040\000\307\000i\000z\000i\000m\000\040\000T\000e\000s\000t\000l\000e\000r\000i\000n\000i\000n\000\040\000\326\000n\000e\000m\000i}{section.1.1}% 6
\BOOKMARK [2][-]{subsection.1.1.3}{\376\377\000T\000e\000k\000n\000o\000l\000o\000j\000i\000n\000i\000n\000\040\000P\000s\000i\000k\000o\000l\000o\000j\000i\000k\000\040\000D\000a\000n\001\061\001\137\000m\000a\000n\000l\001\061\000k\000t\000a\000\040\000K\000u\000l\000l\000a\000n\001\061\000m\001\061}{section.1.1}% 7
\BOOKMARK [1][-]{section.1.2}{\376\377\000P\000r\000o\000b\000l\000e\000m\000i\000n\000\040\000T\000a\000n\001\061\000m\001\061}{chapter.1}% 8
\BOOKMARK [1][-]{section.1.3}{\376\377\000\307\000a\000l\001\061\001\137\000m\000a\000n\001\061\000n\000\040\000A\000m\000a\000c\001\061}{chapter.1}% 9
\BOOKMARK [1][-]{section.1.4}{\376\377\000\307\000a\000l\001\061\001\137\000m\000a\000n\001\061\000n\000\040\000K\000a\000p\000s\000a\000m\001\061}{chapter.1}% 10
\BOOKMARK [1][-]{section.1.5}{\376\377\000A\000r\000a\001\137\000t\001\061\000r\000m\000a\000n\001\061\000n\000\040\000S\001\061\000n\001\061\000r\000l\001\061\000l\001\061\000k\000l\000a\000r\001\061}{chapter.1}% 11
\BOOKMARK [0][-]{chapter.2}{\376\377\000P\000R\000O\000B\000L\000E\000M\000\040\000D\000U\000R\000U\000M\000U}{}% 12
\BOOKMARK [1][-]{section.2.1}{\376\377\000M\000e\000v\000c\000u\000t\000\040\000D\000u\000r\000u\000m\000u\000n\000\040\000B\000e\000t\000i\000m\000l\000e\000n\000m\000e\000s\000i}{chapter.2}% 13
\BOOKMARK [2][-]{subsection.2.1.1}{\376\377\000D\000a\000n\001\061\001\137\000m\000a\000n\000-\000\326\001\037\000r\000e\000n\000c\000i\000\040\000O\000r\000a\000n\001\061\000\040\000S\000o\000r\000u\000n\000u}{section.2.1}% 14
\BOOKMARK [2][-]{subsection.2.1.2}{\376\377\000P\000r\000o\000j\000e\000k\000t\000i\000f\000\040\000T\000e\000s\000t\000l\000e\000r\000i\000n\000\040\000K\000u\000l\000l\000a\000n\001\061\000m\000\040\000Z\000o\000r\000l\000u\000k\000l\000a\000r\001\061}{section.2.1}% 15
\BOOKMARK [2][-]{subsection.2.1.3}{\376\377\000T\000e\000k\000n\000o\000l\000o\000j\000i\000\040\000E\000n\000t\000e\000g\000r\000a\000s\000y\000o\000n\000u\000\040\000E\000k\000s\000i\000k\000l\000i\001\037\000i}{section.2.1}% 16
\BOOKMARK [1][-]{section.2.2}{\376\377\000A\000l\000a\000n\000y\000a\000z\001\061\000n\000d\000a\000k\000i\000\040\000B\000o\001\137\000l\000u\000k\000l\000a\000r}{chapter.2}% 17
\BOOKMARK [1][-]{section.2.3}{\376\377\000P\000r\000o\000b\000l\000e\000m\000i\000n\000\040\000B\000i\000r\000e\000y\000,\000\040\000O\000k\000u\000l\000\040\000v\000e\000\040\000T\000o\000p\000l\000u\000m\000\040\000A\000\347\001\061\000s\001\061\000n\000d\000a\000n\000\040\000\326\000n\000e\000m\000i}{chapter.2}% 18
\BOOKMARK [2][-]{subsection.2.3.1}{\376\377\000B\000i\000r\000e\000y\000\040\000D\000\374\000z\000e\000y\000i\000n\000d\000e}{section.2.3}% 19
\BOOKMARK [2][-]{subsection.2.3.2}{\376\377\000O\000k\000u\000l\000\040\000D\000\374\000z\000e\000y\000i\000n\000d\000e}{section.2.3}% 20
\BOOKMARK [2][-]{subsection.2.3.3}{\376\377\000T\000o\000p\000l\000u\000m\000\040\000D\000\374\000z\000e\000y\000i\000n\000d\000e}{section.2.3}% 21
\BOOKMARK [0][-]{chapter.3}{\376\377\000A\000R\000A\001\136\000T\000I\000R\000M\000A\000N\000I\000N\000\040\000A\000M\000A\000C\000I\000\040\000V\000E\000\040\000A\000L\000T\000\040\000A\000M\000A\000\307\000L\000A\000R\000I}{}% 22
\BOOKMARK [1][-]{section.3.1}{\376\377\000G\000e\000n\000e\000l\000\040\000A\000m\000a\000\347}{chapter.3}% 23
\BOOKMARK [1][-]{section.3.2}{\376\377\000A\000l\000t\000\040\000A\000m\000a\000\347\000l\000a\000r}{chapter.3}% 24
\BOOKMARK [1][-]{section.3.3}{\376\377\000A\000r\000a\001\137\000t\001\061\000r\000m\000a\000\040\000S\000o\000r\000u\000l\000a\000r\001\061}{chapter.3}% 25
\BOOKMARK [0][-]{chapter.4}{\376\377\000A\000R\000A\001\136\000T\000I\000R\000M\000A\000N\000I\000N\000\040\000\326\000N\000E\000M\001\060}{}% 26
\BOOKMARK [1][-]{section.4.1}{\376\377\000P\000D\000R\000\040\000A\000l\000a\000n\001\061\000n\000a\000\040\000K\000a\000t\000k\001\061\000s\001\061}{chapter.4}% 27
\BOOKMARK [2][-]{subsection.4.1.1}{\376\377\000K\000u\000r\000a\000m\000s\000a\000l\000\040\000K\000a\000t\000k\001\061\000l\000a\000r}{section.4.1}% 28
\BOOKMARK [2][-]{subsection.4.1.2}{\376\377\000U\000y\000g\000u\000l\000a\000m\000a\000y\000a\000\040\000Y\000\366\000n\000e\000l\000i\000k\000\040\000K\000a\000t\000k\001\061\000l\000a\000r}{section.4.1}% 29
\BOOKMARK [1][-]{section.4.2}{\376\377\000P\000s\000i\000k\000o\000l\000o\000j\000i\000k\000\040\000D\000a\000n\001\061\001\137\000m\000a\000n\000l\000a\000r\000a\000\040\000v\000e\000\040\000R\000e\000h\000b\000e\000r\000\040\000\326\001\037\000r\000e\000t\000m\000e\000n\000l\000e\000r\000e\000\040\000K\000a\000t\000k\001\061\000s\001\061}{chapter.4}% 30
\BOOKMARK [1][-]{section.4.3}{\376\377\000E\001\037\000i\000t\000i\000m\000\040\000O\000r\000t\000a\000m\000l\000a\000r\001\061\000n\000a\000\040\000O\000l\000a\000s\001\061\000\040\000E\000t\000k\000i\000l\000e\000r\000i}{chapter.4}% 31
\BOOKMARK [1][-]{section.4.4}{\376\377\000T\000o\000p\000l\000u\000m\000s\000a\000l\000\040\000E\000t\000k\000i}{chapter.4}% 32
\BOOKMARK [0][-]{chapter.5}{\376\377\000V\000A\000R\000S\000A\000Y\000I\000M\000L\000A\000R\000\040\000V\000E\000\040\000S\000I\000N\000I\000R\000L\000I\000L\000I\000K\000L\000A\000R}{}% 33
\BOOKMARK [1][-]{section.5.1}{\376\377\000T\000e\000m\000e\000l\000\040\000V\000a\000r\000s\000a\000y\001\061\000m\000l\000a\000r}{chapter.5}% 34
\BOOKMARK [1][-]{section.5.2}{\376\377\000\307\000a\000l\001\061\001\137\000m\000a\000n\001\061\000n\000\040\000S\001\061\000n\001\061\000r\000l\001\061\000l\001\061\000k\000l\000a\000r\001\061}{chapter.5}% 35
\BOOKMARK [2][-]{subsection.5.2.1}{\376\377\000M\000e\000t\000o\000d\000o\000l\000o\000j\000i\000k\000\040\000S\001\061\000n\001\061\000r\000l\001\061\000l\001\061\000k\000l\000a\000r}{section.5.2}% 36
\BOOKMARK [2][-]{subsection.5.2.2}{\376\377\000T\000e\000k\000n\000o\000l\000o\000j\000i\000k\000\040\000S\001\061\000n\001\061\000r\000l\001\061\000l\001\061\000k\000l\000a\000r}{section.5.2}% 37
\BOOKMARK [2][-]{subsection.5.2.3}{\376\377\000K\000a\000p\000s\000a\000m\000\040\000S\001\061\000n\001\061\000r\000l\001\061\000l\001\061\000k\000l\000a\000r\001\061}{section.5.2}% 38
\BOOKMARK [2][-]{subsection.5.2.4}{\376\377\000E\000t\000i\000k\000\040\000S\001\061\000n\001\061\000r\000l\001\061\000l\001\061\000k\000l\000a\000r}{section.5.2}% 39
\BOOKMARK [0][-]{chapter.6}{\376\377\001\060\000L\000G\001\060\000L\001\060\000\040\000A\000L\000A\000N\000Y\000A\000Z\000I\000N}{}% 40
\BOOKMARK [1][-]{section.6.1}{\376\377\000P\000r\000o\000j\000e\000k\000t\000i\000f\000\040\000\307\000i\000z\000i\000m\000\040\000T\000e\000s\000t\000l\000e\000r\000i}{chapter.6}% 41
\BOOKMARK [2][-]{subsection.6.1.1}{\376\377\000T\000a\000r\000i\000h\000s\000e\000l\000\040\000G\000e\000l\000i\001\137\000i\000m}{section.6.1}% 42
\BOOKMARK [2][-]{subsection.6.1.2}{\376\377\000H\000o\000u\000s\000e\000-\000T\000r\000e\000e\000-\000P\000e\000r\000s\000o\000n\000\040\000\050\000H\000T\000P\000\051\000\040\000T\000e\000s\000t\000i}{section.6.1}% 43
\BOOKMARK [2][-]{subsection.6.1.3}{\376\377\000H\000T\000P\000'\000n\000i\000n\000\040\000P\000s\000i\000k\000o\000m\000e\000t\000r\000i\000k\000\040\000\326\000z\000e\000l\000l\000i\000k\000l\000e\000r\000i}{section.6.1}% 44
\BOOKMARK [1][-]{section.6.2}{\376\377\000\307\000o\000c\000u\000k\000\040\000\307\000i\000z\000i\000m\000l\000e\000r\000i\000n\000i\000n\000\040\000G\000e\000l\000i\001\137\000i\000m\000s\000e\000l\000\040\000\326\000z\000e\000l\000l\000i\000k\000l\000e\000r\000i}{chapter.6}% 45
\BOOKMARK [2][-]{subsection.6.2.1}{\376\377\000L\000o\000w\000e\000n\000f\000e\000l\000d\000'\000i\000n\000\040\000\307\000i\000z\000i\000m\000\040\000G\000e\000l\000i\001\137\000i\000m\000\040\000E\000v\000r\000e\000l\000e\000r\000i}{section.6.2}% 46
\BOOKMARK [2][-]{subsection.6.2.2}{\376\377\000K\000o\000p\000p\000i\000t\000z\000'\000i\000n\000\040\000G\000e\000l\000i\001\137\000i\000m\000s\000e\000l\000\040\000G\000\366\000s\000t\000e\000r\000g\000e\000l\000e\000r\000i}{section.6.2}% 47
\BOOKMARK [1][-]{section.6.3}{\376\377\000P\000r\000o\000j\000e\000k\000t\000i\000f\000\040\000T\000e\000s\000t\000l\000e\000r\000i\000n\000\040\000G\000e\000\347\000e\000r\000l\000i\000l\000i\001\037\000i\000\040\000T\000a\000r\000t\001\061\001\137\000m\000a\000s\001\061}{chapter.6}% 48
\BOOKMARK [2][-]{subsection.6.3.1}{\376\377\000E\000l\000e\001\137\000t\000i\000r\000i\000l\000e\000r}{section.6.3}% 49
\BOOKMARK [2][-]{subsection.6.3.2}{\376\377\000S\000a\000v\000u\000n\000u\000l\000a\000r}{section.6.3}% 50
\BOOKMARK [2][-]{subsection.6.3.3}{\376\377\000N\000I\000D\000A\000'\000n\001\061\000n\000\040\000Y\000a\000k\000l\000a\001\137\001\061\000m\001\061}{section.6.3}% 51
\BOOKMARK [1][-]{section.6.4}{\376\377\000Y\000a\000p\000a\000y\000\040\000Z\000e\000k\000\342\000\040\000v\000e\000\040\000P\000s\000i\000k\000o\000l\000o\000j\000i\000k\000\040\000D\000e\001\037\000e\000r\000l\000e\000n\000d\000i\000r\000m\000e}{chapter.6}% 52
\BOOKMARK [2][-]{subsection.6.4.1}{\376\377\000R\000u\000h\000\040\000S\000a\001\037\000l\001\061\001\037\001\061\000n\000d\000a\000\040\000Y\000a\000p\000a\000y\000\040\000Z\000e\000k\000\342\000\040\000U\000y\000g\000u\000l\000a\000m\000a\000l\000a\000r\001\061}{section.6.4}% 53
\BOOKMARK [2][-]{subsection.6.4.2}{\376\377\000\307\000o\000c\000u\000k\000\040\000\307\000i\000z\000i\000m\000i\000\040\000A\000n\000a\000l\000i\000z\000i\000n\000d\000e\000\040\000Y\000a\000p\000a\000y\000\040\000Z\000e\000k\000\342}{section.6.4}% 54
\BOOKMARK [2][-]{subsection.6.4.3}{\376\377\000M\000L\000L\000M\000'\000l\000e\000r\000i\000n\000\040\000\307\000i\000z\000i\000m\000\040\000A\000n\000a\000l\000i\000z\000i\000n\000d\000e\000k\000i\000\040\000R\000o\000l\000\374}{section.6.4}% 55
\BOOKMARK [2][-]{subsection.6.4.4}{\376\377\000G\000\374\000n\000c\000e\000l\000\040\000\307\000o\000k\000\040\000M\000o\000d\000l\000u\000\040\000D\000i\000l\000\040\000M\000o\000d\000e\000l\000l\000e\000r\000i\000\040\000\050\0002\0000\0002\0003\040\023\0002\0000\0002\0004\000\051}{section.6.4}% 56
\BOOKMARK [1][-]{section.6.5}{\376\377\000T\000\374\000r\000k\000i\000y\000e\000'\000d\000e\000\040\000P\000D\000R\000\040\000v\000e\000\040\000T\000e\000k\000n\000o\000l\000o\000j\000i}{chapter.6}% 57
\BOOKMARK [2][-]{subsection.6.5.1}{\376\377\000M\000e\000v\000c\000u\000t\000\040\000D\000u\000r\000u\000m}{section.6.5}% 58
\BOOKMARK [2][-]{subsection.6.5.2}{\376\377\000B\000o\001\137\000l\000u\000k\000l\000a\000r\000\040\000v\000e\000\040\000F\001\061\000r\000s\000a\000t\000l\000a\000r}{section.6.5}% 59
\BOOKMARK [0][-]{chapter.7}{\376\377\000H\000T\000P\000\040\000Y\000O\000R\000U\000M\000L\000A\000M\000A\000\040\000K\000U\000R\000A\000L\000L\000A\000R\000I}{}% 60
\BOOKMARK [1][-]{section.7.1}{\376\377\000E\000v\000\040\000\050\000H\000o\000u\000s\000e\000\051\000\040\000\307\000i\000z\000i\000m\000i\000\040\000Y\000o\000r\000u\000m\000l\000a\000m\000a\000\040\000K\000u\000r\000a\000l\000l\000a\000r\001\061}{chapter.7}% 61
\BOOKMARK [2][-]{subsection.7.1.1}{\376\377\000\307\000i\000z\000i\000m\000\040\000B\000o\000y\000u\000t\000u\000\040\000v\000e\000\040\000K\000o\000n\000u\000m\000l\000a\000n\000d\001\061\000r\000m\000a}{section.7.1}% 62
\BOOKMARK [2][-]{subsection.7.1.2}{\376\377\000K\000a\000p\001\061\000\040\000Y\000o\000r\000u\000m\000l\000a\000m\000a\000s\001\061}{section.7.1}% 63
\BOOKMARK [2][-]{subsection.7.1.3}{\376\377\000P\000e\000n\000c\000e\000r\000e\000\040\000Y\000o\000r\000u\000m\000l\000a\000m\000a\000s\001\061}{section.7.1}% 64
\BOOKMARK [2][-]{subsection.7.1.4}{\376\377\000\307\000a\000t\001\061\000\040\000Y\000o\000r\000u\000m\000l\000a\000m\000a\000s\001\061}{section.7.1}% 65
\BOOKMARK [2][-]{subsection.7.1.5}{\376\377\000B\000a\000c\000a\000\040\000Y\000o\000r\000u\000m\000l\000a\000m\000a\000s\001\061}{section.7.1}% 66
\BOOKMARK [1][-]{section.7.2}{\376\377\000A\001\037\000a\000\347\000\040\000\050\000T\000r\000e\000e\000\051\000\040\000\307\000i\000z\000i\000m\000i\000\040\000Y\000o\000r\000u\000m\000l\000a\000m\000a\000\040\000K\000u\000r\000a\000l\000l\000a\000r\001\061}{chapter.7}% 67
\BOOKMARK [2][-]{subsection.7.2.1}{\376\377\000G\000\366\000v\000d\000e\000\040\000Y\000o\000r\000u\000m\000l\000a\000m\000a\000s\001\061}{section.7.2}% 68
\BOOKMARK [2][-]{subsection.7.2.2}{\376\377\000D\000a\000l\000\040\000Y\000o\000r\000u\000m\000l\000a\000m\000a\000s\001\061}{section.7.2}% 69
\BOOKMARK [2][-]{subsection.7.2.3}{\376\377\000K\000\366\000k\000\040\000Y\000o\000r\000u\000m\000l\000a\000m\000a\000s\001\061}{section.7.2}% 70
\BOOKMARK [1][-]{section.7.3}{\376\377\001\060\000n\000s\000a\000n\000\040\000\050\000P\000e\000r\000s\000o\000n\000\051\000\040\000\307\000i\000z\000i\000m\000i\000\040\000Y\000o\000r\000u\000m\000l\000a\000m\000a\000\040\000K\000u\000r\000a\000l\000l\000a\000r\001\061}{chapter.7}% 71
\BOOKMARK [2][-]{subsection.7.3.1}{\376\377\000B\000a\001\137\000\040\000Y\000o\000r\000u\000m\000l\000a\000m\000a\000s\001\061}{section.7.3}% 72
\BOOKMARK [2][-]{subsection.7.3.2}{\376\377\000G\000\366\000v\000d\000e\000\040\000v\000e\000\040\000U\000z\000u\000v\000\040\000Y\000o\000r\000u\000m\000l\000a\000m\000a\000s\001\061}{section.7.3}% 73
\BOOKMARK [2][-]{subsection.7.3.3}{\376\377\000K\000o\000p\000p\000i\000t\000z\000\040\000D\000u\000y\000g\000u\000s\000a\000l\000\040\000G\000\366\000s\000t\000e\000r\000g\000e\000l\000e\000r\000i}{section.7.3}% 74
\BOOKMARK [1][-]{section.7.4}{\376\377\000G\000e\000n\000e\000l\000\040\000Y\000o\000r\000u\000m\000l\000a\000m\000a\000\040\001\060\000l\000k\000e\000l\000e\000r\000i}{chapter.7}% 75
\BOOKMARK [2][-]{subsection.7.4.1}{\376\377\000\307\000i\000z\000g\000i\000\040\000K\000a\000l\000i\000t\000e\000s\000i}{section.7.4}% 76
\BOOKMARK [2][-]{subsection.7.4.2}{\376\377\000G\000\366\000l\000g\000e\000l\000e\000m\000e}{section.7.4}% 77
\BOOKMARK [1][-]{section.7.5}{\376\377\000Y\000a\001\137\000\040\000v\000e\000\040\000G\000e\000l\000i\001\137\000i\000m\000\040\000E\000v\000r\000e\000s\000i\000n\000e\000\040\000G\000\366\000r\000e\000\040\000D\000e\001\037\000e\000r\000l\000e\000n\000d\000i\000r\000m\000e}{chapter.7}% 78
\BOOKMARK [0][-]{chapter.8}{\376\377\000Y\000\326\000N\000T\000E\000M}{}% 79
\BOOKMARK [1][-]{section.8.1}{\376\377\000\307\000a\000l\001\061\001\137\000m\000a\000\040\000M\000o\000d\000e\000l\000i}{chapter.8}% 80
\BOOKMARK [1][-]{section.8.2}{\376\377\000H\000e\000d\000e\000f\000\040\000K\000i\000t\000l\000e}{chapter.8}% 81
